2026-02-19 10:08:45,806 - INFO - Test log message
2026-02-19 10:14:37,095 - INFO - ➡️ [요청 시작] POST /api/v1/navigation/path
2026-02-19 10:14:37,258 - INFO - ⬅️ [요청 완료] 200 | 소요시간: 162.59ms
2026-02-19 10:14:46,201 - INFO - ➡️ [요청 시작] POST /api/v1/reports/
2026-02-19 10:14:48,029 - INFO - ⬅️ [요청 완료] 200 | 소요시간: 1828.82ms
2026-02-19 10:14:59,752 - INFO - ➡️ [요청 시작] POST /api/v1/reports/
2026-02-19 10:15:00,318 - INFO - ⬅️ [요청 완료] 200 | 소요시간: 565.95ms
2026-02-19 10:15:08,343 - INFO - ➡️ [요청 시작] POST /api/v1/reports/
2026-02-19 10:15:08,831 - INFO - ⬅️ [요청 완료] 200 | 소요시간: 488.03ms
2026-02-19 10:15:16,612 - INFO - ➡️ [요청 시작] POST /api/v1/reports/
2026-02-19 10:15:17,097 - INFO - ⬅️ [요청 완료] 200 | 소요시간: 484.72ms
2026-02-19 10:15:25,110 - INFO - ➡️ [요청 시작] POST /api/v1/reports/
2026-02-19 10:15:25,470 - INFO - ⬅️ [요청 완료] 200 | 소요시간: 360.53ms
2026-02-19 10:15:28,134 - INFO - ➡️ [요청 시작] POST /api/v1/reports/
2026-02-19 10:15:28,391 - INFO - ⬅️ [요청 완료] 200 | 소요시간: 257.08ms
2026-02-19 10:43:53,973 - INFO - ➡️ [요청 시작] POST /api/v1/navigation/path
2026-02-19 10:43:54,140 - INFO - ⬅️ [요청 완료] 200 | 소요시간: 168.00ms
2026-02-19 10:44:04,341 - INFO - ➡️ [요청 시작] POST /api/v1/reports/
2026-02-19 10:44:06,049 - INFO - ⬅️ [요청 완료] 200 | 소요시간: 1708.18ms
2026-02-19 10:46:02,485 - INFO - ➡️ [요청 시작] POST /api/v1/navigation/path
2026-02-19 10:46:02,648 - INFO - ⬅️ [요청 완료] 200 | 소요시간: 163.92ms
2026-02-19 10:46:12,440 - INFO - ➡️ [요청 시작] POST /api/v1/reports/
2026-02-19 10:46:13,329 - INFO - ⬅️ [요청 완료] 200 | 소요시간: 888.95ms
2026-02-19 10:46:20,817 - INFO - ➡️ [요청 시작] POST /api/v1/reports/
2026-02-19 10:46:21,248 - INFO - ⬅️ [요청 완료] 200 | 소요시간: 431.25ms
2026-02-19 10:46:29,315 - INFO - ➡️ [요청 시작] POST /api/v1/reports/
2026-02-19 10:46:29,816 - INFO - ⬅️ [요청 완료] 200 | 소요시간: 500.94ms
2026-02-19 10:46:37,412 - INFO - ➡️ [요청 시작] POST /api/v1/reports/
2026-02-19 10:46:37,754 - INFO - ⬅️ [요청 완료] 200 | 소요시간: 341.96ms
2026-02-19 10:57:44,961 - INFO - ➡️ [요청 시작] POST /api/v1/navigation/path
2026-02-19 10:57:45,219 - INFO - ⬅️ [요청 완료] 200 | 소요시간: 258.52ms
2026-02-19 10:57:55,615 - INFO - ➡️ [요청 시작] POST /api/v1/reports/
2026-02-19 10:57:56,602 - INFO - ⬅️ [요청 완료] 200 | 소요시간: 987.13ms
2026-02-19 10:58:03,874 - INFO - ➡️ [요청 시작] POST /api/v1/reports/
2026-02-19 10:58:04,183 - INFO - ⬅️ [요청 완료] 200 | 소요시간: 309.03ms
2026-02-19 10:58:12,403 - INFO - ➡️ [요청 시작] POST /api/v1/reports/
2026-02-19 10:58:12,747 - INFO - ⬅️ [요청 완료] 200 | 소요시간: 343.41ms
2026-02-19 10:58:29,112 - INFO - ➡️ [요청 시작] POST /api/v1/reports/
2026-02-19 10:58:29,396 - INFO - ⬅️ [요청 완료] 200 | 소요시간: 284.48ms
2026-02-19 10:58:37,493 - INFO - ➡️ [요청 시작] POST /api/v1/reports/
2026-02-19 10:58:37,784 - INFO - ⬅️ [요청 완료] 200 | 소요시간: 290.49ms
2026-02-19 10:58:45,984 - INFO - ➡️ [요청 시작] POST /api/v1/reports/
2026-02-19 10:58:46,263 - INFO - ⬅️ [요청 완료] 200 | 소요시간: 279.29ms
2026-02-19 10:58:54,279 - INFO - ➡️ [요청 시작] POST /api/v1/reports/
2026-02-19 10:58:54,544 - INFO - ⬅️ [요청 완료] 200 | 소요시간: 265.36ms
2026-02-19 10:59:02,784 - INFO - ➡️ [요청 시작] POST /api/v1/reports/
2026-02-19 10:59:03,070 - INFO - ⬅️ [요청 완료] 200 | 소요시간: 285.90ms
2026-02-19 11:12:56,214 - INFO - ➡️ [요청 시작] POST /api/v1/navigation/path
2026-02-19 11:12:56,354 - INFO - ⬅️ [요청 완료] 200 | 소요시간: 140.84ms
2026-02-19 11:33:18,647 - INFO - ➡️ [요청 시작] POST /api/v1/navigation/path
2026-02-19 11:33:18,792 - INFO - ⬅️ [요청 완료] 200 | 소요시간: 145.57ms
2026-02-19 11:33:29,647 - INFO - ➡️ [요청 시작] POST /api/v1/reports/
2026-02-19 11:33:30,983 - INFO - ⬅️ [요청 완료] 200 | 소요시간: 1335.77ms
2026-02-19 11:33:37,974 - INFO - ➡️ [요청 시작] POST /api/v1/reports/
2026-02-19 11:33:38,293 - INFO - ⬅️ [요청 완료] 200 | 소요시간: 319.37ms
2026-02-19 11:33:41,293 - INFO - ➡️ [요청 시작] POST /api/v1/reports/
2026-02-19 11:33:41,533 - INFO - ⬅️ [요청 완료] 200 | 소요시간: 239.76ms
2026-02-19 11:33:53,884 - INFO - ➡️ [요청 시작] POST /api/v1/reports/
2026-02-19 11:33:54,364 - INFO - ⬅️ [요청 완료] 200 | 소요시간: 480.73ms
2026-02-19 11:34:07,070 - INFO - ➡️ [요청 시작] POST /api/v1/reports/
2026-02-19 11:34:07,542 - INFO - ⬅️ [요청 완료] 200 | 소요시간: 472.19ms
2026-02-19 11:54:22,834 - INFO - ➡️ [요청 시작] POST /api/v1/navigation/path
2026-02-19 11:54:22,988 - INFO - ⬅️ [요청 완료] 200 | 소요시간: 154.27ms
2026-02-19 11:54:34,109 - INFO - ➡️ [요청 시작] POST /api/v1/reports/
2026-02-19 11:54:35,566 - INFO - ⬅️ [요청 완료] 200 | 소요시간: 1457.34ms
2026-02-19 11:57:14,073 - INFO - ➡️ [요청 시작] POST /api/v1/navigation/path
2026-02-19 11:57:14,302 - INFO - ⬅️ [요청 완료] 200 | 소요시간: 229.49ms
2026-02-19 11:57:22,426 - INFO - ➡️ [요청 시작] POST /api/v1/reports/
2026-02-19 11:57:23,252 - INFO - ⬅️ [요청 완료] 200 | 소요시간: 826.04ms
2026-02-19 11:58:04,552 - INFO - ➡️ [요청 시작] POST /api/v1/navigation/path
2026-02-19 11:58:04,769 - INFO - ⬅️ [요청 완료] 200 | 소요시간: 217.54ms
2026-02-19 11:59:33,924 - INFO - ➡️ [요청 시작] POST /api/v1/navigation/path
2026-02-19 11:59:34,080 - INFO - ⬅️ [요청 완료] 200 | 소요시간: 156.04ms
2026-02-19 11:59:44,335 - INFO - ➡️ [요청 시작] POST /api/v1/reports/
2026-02-19 11:59:45,284 - INFO - ⬅️ [요청 완료] 200 | 소요시간: 948.54ms
2026-02-19 11:59:52,697 - INFO - ➡️ [요청 시작] POST /api/v1/reports/
2026-02-19 11:59:53,020 - INFO - ⬅️ [요청 완료] 200 | 소요시간: 322.75ms
2026-02-19 11:59:59,383 - INFO - ➡️ [요청 시작] POST /api/v1/reports/
2026-02-19 11:59:59,887 - INFO - ⬅️ [요청 완료] 200 | 소요시간: 504.51ms
2026-02-19 12:00:01,104 - INFO - ➡️ [요청 시작] POST /api/v1/reports/
2026-02-19 12:00:01,297 - INFO - ⬅️ [요청 완료] 200 | 소요시간: 192.91ms
2026-02-19 12:00:05,147 - INFO - ➡️ [요청 시작] POST /api/v1/reports/
2026-02-19 12:00:05,345 - INFO - ⬅️ [요청 완료] 200 | 소요시간: 198.47ms
2026-02-19 13:02:11,879 - INFO - ➡️ [요청 시작] GET /
2026-02-19 13:02:11,884 - INFO - ⬅️ [요청 완료] 200 | 소요시간: 4.98ms
2026-02-19 13:02:12,009 - INFO - ➡️ [요청 시작] GET /favicon.ico
2026-02-19 13:02:12,010 - INFO - ⬅️ [요청 완료] 404 | 소요시간: 0.57ms
2026-02-19 13:03:57,479 - INFO - ➡️ [요청 시작] GET /docs
2026-02-19 13:03:57,480 - INFO - ⬅️ [요청 완료] 200 | 소요시간: 1.13ms
2026-02-19 13:03:57,671 - INFO - ➡️ [요청 시작] GET /openapi.json
2026-02-19 13:03:57,686 - INFO - ⬅️ [요청 완료] 200 | 소요시간: 15.26ms
2026-02-19 13:15:44,778 - [45f6cc28-2211-4d97-bc73-06c98b2d57f7] - INFO - ➡️ [START] GET / | IP: testclient
2026-02-19 13:15:44,778 - [45f6cc28-2211-4d97-bc73-06c98b2d57f7] - INFO - ⬅️ [END] 200 | 0.63ms | UA: TestClient/1.0 | Ref: http://test.com | Headers: {'host': 'testserver', 'accept': '*/*', 'accept-encoding': 'gzip, deflate, zstd', 'connection': 'keep-alive', 'user-agent': 'TestClient/1.0', 'referer': 'http://test.com', 'custom-header': 'TestValue'}
